'molFile'
'molFile'
'molFile'
'molFile'
'molFile'
'molFile'
'molFile'
'molFile'
'molFile'
'molFile'
'molFile'
'molFile'
'molFile'
'molFile'
'molFile'
'molFile'
'molFile'
'molFile'
'molFile'
'molFile'
'molFile'
'molFile'
'molFile'
'molFile'
'molFile'
'molFile'
'molFile'
'molFile'
'molFile'
'molFile'
'molFile'
'molFile'
'molFile'
'molFile'
'molFile'
'molFile'
'molFile'
'molFile'
'molFile'
'molFile'
'molFile'
'molFile'
'molFile'
'molFile'
'molFile'
'molFile'
'molFile'
'molFile'
'molFile'
'molFile'
'molFile'
'molFile'
'molFile'
'molFile'
'molFile'
'molFile'
'molFile'
'molFile'
'molFile'
'molFile'
'molFile'
'molFile'
'molFile'
'molFile'
'molFile'
'molFile'
'molFile'
'molFile'
'molFile'
'molFile'
'molFile'
'molFile'
'molFile'
'molFile'
'molFile'
'molFile'
'molFile'
'molFile'
'molFile'
'molFile'
'molFile'
'molFile'
'molFile'
'molFile'
'molFile'
'molFile'
'molFile'
'molFile'
'molFile'
'molFile'
'molFile'
'molFile'
'molFile'
'molFile'
'molFile'
'molFile'
'molFile'
'molFile'
'molFile'
'molFile'
'molFile'
'molFile'
'molFile'
'molFile'
'molFile'
'molFile'
'molFile'
'molFile'
'molFile'
'molFile'
'molFile'
'molFile'
'molFile'
'molFile'
'molFile'
'molFile'
'molFile'
'molFile'
'molFile'
'molFile'
'molFile'
'molFile'
'molFile'
'molFile'
'molFile'
'molFile'
'molFile'
'molFile'
'molFile'
'molFile'
'molFile'
'molFile'
'molFile'
'molFile'
'molFile'
'molFile'
'molFile'
'molFile'
'molFile'
'molFile'
'molFile'
'molFile'
'molFile'
'molFile'
'molFile'
'molFile'
'molFile'
'molFile'
'molFile'
'molFile'
'molFile'
'molFile'
'molFile'
'molFile'
'molFile'
'molFile'
'molFile'
'molFile'
'molFile'
'molFile'
'molFile'
'molFile'
'molFile'
'molFile'
'molFile'
'molFile'
'molFile'
'molFile'
'molFile'
'molFile'
'molFile'
'molFile'
'molFile'
'molFile'
'molFile'
'molFile'
'molFile'
'molFile'
'molFile'
'molFile'
'molFile'
'molFile'
(MySQLdb.IntegrityError) (1048, "Column 'inchi_key' cannot be null")
[SQL: INSERT INTO compound_data (compound_classification_id, name, inchi_key, inchi, formula, smile, cas, exact_mass, mole_file, kind) VALUES (%s, %s, %s, %s, %s, %s, %s, %s, %s, %s)]
[parameters: (566, "['Unknown']", None, None, None, None, None, None, '', 'biological')]
(Background on this error at: https://sqlalche.me/e/20/gkpj)
(MySQLdb.IntegrityError) (1048, "Column 'inchi_key' cannot be null")
[SQL: INSERT INTO compound_data (compound_classification_id, name, inchi_key, inchi, formula, smile, cas, exact_mass, mole_file, kind) VALUES (%s, %s, %s, %s, %s, %s, %s, %s, %s, %s)]
[parameters: (566, "['Abietic Acid']", None, None, None, None, None, None, '', 'biological')]
(Background on this error at: https://sqlalche.me/e/20/gkpj)
(MySQLdb.IntegrityError) (1048, "Column 'inchi_key' cannot be null")
[SQL: INSERT INTO compound_data (compound_classification_id, name, inchi_key, inchi, formula, smile, cas, exact_mass, mole_file, kind) VALUES (%s, %s, %s, %s, %s, %s, %s, %s, %s, %s)]
[parameters: (566, "['CUDA']", None, None, None, None, None, None, '', 'biological')]
(Background on this error at: https://sqlalche.me/e/20/gkpj)
(MySQLdb.IntegrityError) (1048, "Column 'inchi_key' cannot be null")
[SQL: INSERT INTO compound_data (compound_classification_id, name, inchi_key, inchi, formula, smile, cas, exact_mass, mole_file, kind) VALUES (%s, %s, %s, %s, %s, %s, %s, %s, %s, %s)]
[parameters: (566, "['Panicoloid A']", None, None, None, None, None, None, '', 'biological')]
(Background on this error at: https://sqlalche.me/e/20/gkpj)
(MySQLdb.IntegrityError) (1048, "Column 'inchi_key' cannot be null")
[SQL: INSERT INTO compound_data (compound_classification_id, name, inchi_key, inchi, formula, smile, cas, exact_mass, mole_file, kind) VALUES (%s, %s, %s, %s, %s, %s, %s, %s, %s, %s)]
[parameters: (566, '[]', None, None, None, None, None, None, '', 'biological')]
(Background on this error at: https://sqlalche.me/e/20/gkpj)
'molFile'
(MySQLdb.IntegrityError) (1048, "Column 'inchi_key' cannot be null")
[SQL: INSERT INTO compound_data (compound_classification_id, name, inchi_key, inchi, formula, smile, cas, exact_mass, mole_file, kind) VALUES (%s, %s, %s, %s, %s, %s, %s, %s, %s, %s)]
[parameters: (566, "['Poloxamer 188']", None, None, None, None, None, None, '', 'biological')]
(Background on this error at: https://sqlalche.me/e/20/gkpj)
'molFile'
'molFile'
'molFile'
'molFile'
'molFile'
'molFile'
'molFile'
'molFile'
'molFile'
'molFile'
'molFile'
'molFile'
'molFile'
'molFile'
'molFile'
'molFile'
'molFile'
'molFile'
'molFile'
'molFile'
'molFile'
'molFile'
'molFile'
'molFile'
'molFile'
'molFile'
(MySQLdb.DataError) (1406, "Data too long for column 'instrument' at row 1")
[SQL: INSERT INTO spectrum_data (compound_data_id, compound_classification_id, author_id, ms_level, precursor_mz, exact_mass, collision_energy, mz_error, last_modify, date_created, data_source, tool_type, instrument, ion_mode, ms2_spectrum, precursor_type) VALUES (%s, %s, %s, %s, %s, %s, %s, %s, %s, %s, %s, %s, %s, %s, %s, %s)]
[parameters: (7714, 201, 0, 2, 985.5003, None, '0', -0.00066483199987033, datetime.datetime(2023, 10, 1, 8, 52, 18, 925321), datetime.datetime(2023, 10, 1, 8, 52, 18, 925344), "['LC-MS']", None, 'Thermo Scientific Q-Exactive Focus TM liquid-chromatography tandem mass spectrometry system coupled with a high-resolution Orbitrap TM analyser', 'positive', '67.65222612:0.000000 67.65275398:0.000000 67.65328184:0.000000 67.65380971:0.000000 69.02948573:0.000000 69.03002978:0.000000 69.03057384:0.000000 69 ... (24186 characters truncated) ... 00 986.6337286:0.000000 986.6631279:0.000000 986.6925285:0.000000 1035.345333:0.000000 1035.376937:0.000000 1035.408541:0.000000 1035.440147:0.000000', 'M+H')]
(Background on this error at: https://sqlalche.me/e/20/9h9h)
could not convert string to float: '197,9867'
error
Class 'builtins.NoneType' is not mapped
could not convert string to float: '0.02 Da'
error
Class 'builtins.NoneType' is not mapped
could not convert string to float: '0.02 Da'
error
Class 'builtins.NoneType' is not mapped
'molFile'
'molFile'
'molFile'
'molFile'
'molFile'
'molFile'
'molFile'
'molFile'
'molFile'
'molFile'
'molFile'
'molFile'
'kind'
'molFile'
'kind'
'kind'
'kind'
'kind'
'kind'
'kind'
'kind'
'kind'
'kind'
'kind'
'kind'
'kind'
'kind'
'kind'
'kind'
'molFile'
'kind'
'kind'
'kind'
'kind'
'kind'
'kind'
'kind'
'kind'
'kind'
'molFile'
'molFile'
'molFile'
'molFile'
'molFile'
'molFile'
'kind'
total insertion complete, please check database
